(1467829051.289803) can0 440#40008011010F0F0F
(1467829051.300570) can0 442#42008000010F0F0F
(1467829051.389796) can0 440#4001801101000000
(1467829051.390067) can0 622#1280487000000000
(1467829051.399570) can0 442#4201800001000000
(1467829051.483771) can0 440#4202001101000000
(1467829051.558781) can0 622#1280481000000000
(1467829051.579570) can0 442#4002000001000000
(1467829051.609771) can0 620#1000FFFF80180080
(1467829051.618575) can0 610#2000006480FFFD60
(1467829051.618822) can0 621#1100000000000000
(1467829051.627774) can0 623#1900000000000000
(1467829051.630568) can0 611#2100002000006227
(1467829051.636770) can0 624#1A00414949400000
(1467829051.645770) can0 626#1C00300000000000
(1467829051.654770) can0 638#1300180100000000
(1467829051.663745) can0 63C#98005A5245172060
(1467829051.672746) can0 63D#9900444558534B00
(1467829051.678745) can0 440#4212001101000000
(1467829051.681767) can0 680#D800010000000000
(1467829051.777572) can0 442#4002000001000000
(1467829051.878730) can0 440#4212001101000000
(1467829051.909720) can0 620#1000FFFF80180080
(1467829051.978594) can0 442#4002000001000000
(1467829052.078678) can0 440#4212001101000000
(1467829052.119637) can0 610#2000006480FFFD60
(1467829052.179552) can0 442#4002000001000000
(1467829052.209691) can0 620#1000FFFF80180080
(1467829052.278656) can0 440#4212001101000000
(1467829052.377546) can0 442#4002000001000000
(1467829052.478621) can0 440#4212001101000000
(1467829052.509632) can0 620#1000FFFF80180080
(1467829052.558622) can0 622#1200481000000000
(1467829052.578551) can0 442#4002000001000000
(1467829052.613596) can0 621#1100000000000000
(1467829052.620543) can0 610#2000006480FFFD60
(1467829052.623595) can0 623#1900000000000000
(1467829052.632546) can0 611#2100002000006227
(1467829052.632767) can0 624#1A00414949400000
(1467829052.641596) can0 626#1C00300000000000
(1467829052.650597) can0 638#1300180100000000
(1467829052.659570) can0 63C#98005A5245172060
(1467829052.668570) can0 63D#9900444558534B00
(1467829052.677595) can0 680#D800010000000000
(1467829052.678678) can0 440#4212001101000000
(1467829052.779559) can0 442#4002000001000000
(1467829052.809584) can0 620#1000FFFF80180080
(1467829052.878562) can0 440#4212001101000000
(1467829052.977546) can0 442#4002000001000000
(1467829053.078532) can0 440#4212001101000000
(1467829053.109522) can0 620#1000FFFF80180080
(1467829053.118520) can0 610#2000006480FFFD60
(1467829053.178521) can0 442#4002000001000000
(1467829053.278482) can0 440#4212001101000000
(1467829053.379522) can0 442#4002000001000000
(1467829053.409471) can0 620#1000FFFF80180080
(1467829053.478455) can0 440#4212001101000000
(1467829053.558457) can0 622#1200481000000000
(1467829053.577521) can0 442#4002000001000000
(1467829053.613447) can0 621#1100000000000000
(1467829053.619521) can0 610#2000006480FFFD60
(1467829053.623471) can0 623#1900000000000000
(1467829053.631521) can0 611#2100002000006227
(1467829053.632418) can0 624#1A00414949400000
(1467829053.641446) can0 626#1C00300000000000
(1467829053.650426) can0 638#1300180100000000
(1467829053.659421) can0 63C#98005A5245172060
(1467829053.668396) can0 63D#9900444558534B00
(1467829053.677421) can0 680#D800010000000000
(1467829053.678394) can0 440#4212001101000000
(1467829053.709446) can0 620#1000FFFF80180080
(1467829053.778501) can0 442#4002000001000000
(1467829053.878395) can0 440#4212001101000000
(1467829053.979541) can0 442#4002000001000000
(1467829054.009377) can0 620#1000FFFF80180080
(1467829054.078361) can0 440#4212001101000000
(1467829054.120529) can0 610#2000006480FFFD60
(1467829054.177504) can0 442#4002000001000000
(1467829054.278302) can0 440#4212001101000000
(1467829054.309328) can0 620#1000FFFF80180080
(1467829054.378496) can0 442#4002000001000000
(1467829054.478271) can0 440#4212001101000000
(1467829054.558284) can0 622#1200481000000000
(1467829054.579496) can0 442#4002000001000000
(1467829054.609271) can0 620#1000FFFF80180080
(1467829054.618328) can0 621#1100000000000000
(1467829054.618480) can0 610#2000006480FFFD60
(1467829054.627290) can0 623#1900000000000000
(1467829054.630525) can0 611#2100002000006227
(1467829054.636244) can0 624#1A00414949400000
(1467829054.645243) can0 626#1C00300000000000
(1467829054.654246) can0 638#1300180100000000
(1467829054.663246) can0 63C#98005A5245172060
(1467829054.672221) can0 63D#9900444558534B00
(1467829054.678245) can0 440#4212001101000000
(1467829054.681332) can0 680#D800010000000000
(1467829054.777509) can0 442#4002000001000000
(1467829054.878212) can0 440#4212001101000000
(1467829054.909228) can0 620#1000FFFF80180080
(1467829054.978482) can0 442#4002000001000000
(1467829055.078185) can0 440#4212001101000000
(1467829055.119556) can0 610#2000006480FFFD60
(1467829055.179482) can0 442#4002000001000000
(1467829055.209180) can0 620#1000FFFF80180080
(1467829055.278164) can0 440#4212001101000000
(1467829055.377478) can0 442#4002000001000000
(1467829055.478095) can0 440#4212001101000000
(1467829055.509132) can0 620#1000FFFF80180080
(1467829055.558096) can0 622#1200481000000000
(1467829055.578487) can0 442#4002000001000000
(1467829055.613120) can0 621#1100000000000000
(1467829055.620471) can0 610#2000006480FFFD60
(1467829055.623095) can0 623#1900000000000000
(1467829055.632095) can0 624#1A00414949400000
(1467829055.632466) can0 611#2100002000006227
(1467829055.641095) can0 626#1C00300000000000
(1467829055.650100) can0 638#1300180100000000
(1467829055.659071) can0 63C#98005A5245172060
(1467829055.668070) can0 63D#9900444558534B00
(1467829055.677095) can0 680#D800010000000000
(1467829055.678068) can0 440#4212001101000000
(1467829055.779471) can0 442#4002000001000000
(1467829055.809084) can0 620#1000FFFF80180080
(1467829055.878082) can0 440#4212001101000000
(1467829055.977491) can0 442#4002000001000000
(1467829056.078006) can0 440#4212001101000000
(1467829056.109087) can0 620#1000FFFF80180080
(1467829056.118477) can0 610#2000006480FFFD60
(1467829056.178459) can0 442#4002000001000000
(1467829056.277990) can0 440#4212001101000000
(1467829056.379496) can0 442#4002000001000000
(1467829056.408973) can0 620#1000FFFF80180080
(1467829056.477947) can0 440#4212001101000000
(1467829056.557963) can0 622#1200481000000000
(1467829056.577452) can0 442#4012000001000000
(1467829056.612929) can0 621#1100000000000000
(1467829056.619451) can0 610#2000006480FFFD60
(1467829056.622928) can0 623#1900000000000000
(1467829056.631452) can0 611#2100002000006227
(1467829056.631925) can0 624#1A00414949400000
(1467829056.640927) can0 626#1C00300000000000
(1467829056.649928) can0 638#1300180100000000
(1467829056.658909) can0 63C#98005A5245172060
(1467829056.667903) can0 63D#9900444558534B00
(1467829056.676981) can0 680#D800010000000000
(1467829056.677956) can0 440#4232001101000000
