(1467828659.396952) can0 440#40008011010F0F0F
(1467828659.402086) can0 442#42008000010F0F0F
(1467828659.496991) can0 440#4001801101000000
(1467828659.497189) can0 638#1380180100000000
(1467828659.501144) can0 442#4201800001000000
(1467828659.588106) can0 442#4002000001000000
(1467828659.590919) can0 440#4212001101000000
(1467828659.687094) can0 442#4002000001000000
(1467828659.716918) can0 620#1000FFFF80180080
(1467828659.720174) can0 610#2000006480FFFD60
(1467828659.725972) can0 621#1100000000000000
(1467828659.732148) can0 611#2100002000006227
(1467828659.734973) can0 622#1200481000000000
(1467828659.743910) can0 623#1900000000000000
(1467828659.752892) can0 624#1A00414949400000
(1467828659.761893) can0 626#1C00300000000000
(1467828659.770893) can0 63C#98005A5245172060
(1467828659.779924) can0 63D#9900444558534B00
(1467828659.785951) can0 440#4212001101000000
(1467828659.788947) can0 680#D800010000000000
(1467828659.879098) can0 442#4002000001000000
(1467828659.980862) can0 440#4212001101000000
(1467828660.016862) can0 620#1000FFFF80180080
(1467828660.080066) can0 442#4002000001000000
(1467828660.180817) can0 440#4212001101000000
(1467828660.218102) can0 610#2000006480FFFD60
(1467828660.278069) can0 442#4002000001000000
(1467828660.316794) can0 620#1000FFFF80180080
(1467828660.380830) can0 440#4212001101000000
(1467828660.479071) can0 442#4002000001000000
(1467828660.496778) can0 638#1300180100000000
(1467828660.580744) can0 440#4212001101000000
(1467828660.616744) can0 620#1000FFFF80180080
(1467828660.680047) can0 442#4002000001000000
(1467828660.719069) can0 610#2000006480FFFD60
(1467828660.720740) can0 621#1100000000000000
(1467828660.729743) can0 622#1200481000000000
(1467828660.731067) can0 611#2100002000006227
(1467828660.738723) can0 623#1900000000000000
(1467828660.747743) can0 624#1A00414949400000
(1467828660.756718) can0 626#1C00300000000000
(1467828660.765718) can0 63C#98005A5245172060
(1467828660.774756) can0 63D#9900444558534B00
(1467828660.780775) can0 440#4212001101000000
(1467828660.783773) can0 680#D800010000000000
(1467828660.878073) can0 442#4002000001000000
(1467828660.916687) can0 620#1000FFFF80180080
(1467828660.980682) can0 440#4212001101000000
(1467828661.079069) can0 442#4002000001000000
(1467828661.180644) can0 440#4212001101000000
(1467828661.216645) can0 620#1000FFFF80180080
(1467828661.220068) can0 610#2000006480FFFD60
(1467828661.280032) can0 442#4002000001000000
(1467828661.380619) can0 440#4212001101000000
(1467828661.478044) can0 442#4002000001000000
(1467828661.496605) can0 638#1300180100000000
(1467828661.516593) can0 620#1000FFFF80180080
(1467828661.580569) can0 440#4212001101000000
(1467828661.679044) can0 442#4002000001000000
(1467828661.718044) can0 610#2000006480FFFD60
(1467828661.720567) can0 621#1100000000000000
(1467828661.729568) can0 622#1200481000000000
(1467828661.730098) can0 611#2100002000006227
(1467828661.738625) can0 623#1900000000000000
(1467828661.747559) can0 624#1A00414949400000
(1467828661.756569) can0 626#1C00300000000000
(1467828661.765543) can0 63C#98005A5245172060
(1467828661.774602) can0 63D#9900444558534B00
(1467828661.780598) can0 440#4212001101000000
(1467828661.783572) can0 680#D800010000000000
(1467828661.816573) can0 620#1000FFFF80180080
(1467828661.880057) can0 442#4002000001000000
(1467828661.980499) can0 440#4212001101000000
(1467828662.078037) can0 442#4002000001000000
(1467828662.116487) can0 620#1000FFFF80180080
(1467828662.180488) can0 440#4212001101000000
(1467828662.219037) can0 610#2000006480FFFD60
(1467828662.279036) can0 442#4002000001000000
(1467828662.380435) can0 440#4212001101000000
(1467828662.416439) can0 620#1000FFFF80180080
(1467828662.480037) can0 442#4002000001000000
(1467828662.496418) can0 638#1300180100000000
(1467828662.580390) can0 440#4212001101000000
(1467828662.678037) can0 442#4002000001000000
(1467828662.716387) can0 620#1000FFFF80180080
(1467828662.720036) can0 610#2000006480FFFD60
(1467828662.725386) can0 621#1100000000000000
(1467828662.732036) can0 611#2100002000006227
(1467828662.734411) can0 622#1200481000000000
(1467828662.743387) can0 623#1900000000000000
(1467828662.752361) can0 624#1A00414949400000
(1467828662.761386) can0 626#1C00300000000000
(1467828662.770425) can0 63C#98005A5245172060
(1467828662.779426) can0 63D#9900444558534B00
(1467828662.780419) can0 440#4212001101000000
(1467828662.788449) can0 680#D800010000000000
(1467828662.879049) can0 442#4002000001000000
(1467828662.980324) can0 440#4212001101000000
(1467828663.016338) can0 620#1000FFFF80180080
(1467828663.080036) can0 442#4002000001000000
(1467828663.180320) can0 440#4212001101000000
(1467828663.218042) can0 610#2000006480FFFD60
(1467828663.278037) can0 442#4002000001000000
(1467828663.316341) can0 620#1000FFFF80180080
(1467828663.380274) can0 440#4212001101000000
(1467828663.479037) can0 442#4002000001000000
(1467828663.496273) can0 638#1300180100000000
(1467828663.585486) can0 440#4212001101000000
(1467828663.616239) can0 620#1000FFFF80180080
(1467828663.680036) can0 442#4002000001000000
(1467828663.719046) can0 610#2000006480FFFD60
(1467828663.720233) can0 621#1100000000000000
(1467828663.729211) can0 622#1200481000000000
(1467828663.731092) can0 611#2100002000006227
(1467828663.738269) can0 623#1900000000000000
(1467828663.747226) can0 624#1A00414949400000
(1467828663.756211) can0 626#1C00300000000000
(1467828663.765187) can0 63C#98005A5245172060
(1467828663.774245) can0 63D#9900444558534B00
(1467828663.780245) can0 440#4212001101000000
(1467828663.783271) can0 680#D800010000000000
(1467828663.878047) can0 442#4002000001000000
(1467828663.916187) can0 620#1000FFFF80180080
(1467828663.980162) can0 440#4212001101000000
(1467828664.079037) can0 442#4002000001000000
(1467828664.180124) can0 440#4212001101000000
(1467828664.216138) can0 620#1000FFFF80180080
(1467828664.220036) can0 610#2000006480FFFD60
(1467828664.279963) can0 442#4002000001000000
(1467828664.380124) can0 440#4212001101000000
(1467828664.478037) can0 442#4002000001000000
(1467828664.496099) can0 638#1300180100000000
(1467828664.516086) can0 620#1000FFFF80180080
(1467828664.580037) can0 440#4212001101000000
(1467828664.678965) can0 442#4012000001000000
(1467828664.717963) can0 610#2000006480FFFD60
(1467828664.720035) can0 621#1100000000000000
(1467828664.729036) can0 622#1200481000000000
(1467828664.730034) can0 611#2100002000006227
(1467828664.738040) can0 623#1900000000000000
(1467828664.747037) can0 624#1A00414949400000
(1467828664.756036) can0 626#1C00300000000000
(1467828664.765036) can0 63C#98005A5245172060
(1467828664.774093) can0 63D#9900444558534B00
(1467828664.780094) can0 440#4232001101000000
(1467828664.783094) can0 680#D800010000000000
