(1467828039.747347) can0 440#40008011010F0F0F
(1467828039.755258) can0 442#42008000010F0F0F
(1467828039.847346) can0 440#4001801101000000
(1467828039.847586) can0 621#1180000000300000
(1467828039.854298) can0 442#4201800001000000
(1467828039.941308) can0 440#4212001101000000
(1467828039.944256) can0 442#4002000001000000
(1467828039.947366) can0 620#1080FFFF80190080
(1467828040.047317) can0 440#4212001101000000
(1467828040.076316) can0 610#2000006480FFFD60
(1467828040.076510) can0 622#1200481000000000
(1467828040.085342) can0 623#1900000000000000
(1467828040.088313) can0 611#2100002000006227
(1467828040.094337) can0 624#1A00414949400000
(1467828040.103287) can0 626#1C00300000000000
(1467828040.112283) can0 638#1300180100000000
(1467828040.121283) can0 63C#98005A5245172060
(1467828040.130263) can0 63D#9900444558534B00
(1467828040.139286) can0 680#D800010000000000
(1467828040.145258) can0 442#4002000001000000
