(1467828874.519915) can0 440#40008011010F0F0F
(1467828874.523855) can0 442#42008000010F0F0F
(1467828874.619905) can0 440#4001801101000000
(1467828874.620127) can0 622#1280883800000000
(1467828874.622880) can0 442#4201800001000000
(1467828874.712856) can0 442#4002000001000000
(1467828874.713878) can0 440#4212001101000000
(1467828874.814855) can0 442#4002000001000000
(1467828874.839939) can0 620#1000FFFF80180080
(1467828874.844854) can0 610#2000006480FFFD60
(1467828874.848878) can0 621#1100000000000000
(1467828874.856861) can0 611#2100002000006227
(1467828874.857935) can0 623#1900000000000000
(1467828874.866875) can0 624#1A00414949400000
(1467828874.875882) can0 626#1C00300000000000
(1467828874.884855) can0 638#1300180100000000
(1467828874.893855) can0 63C#98005A5245172060
(1467828874.902830) can0 63D#9900444558534B00
(1467828874.911854) can0 680#D800010000000000
(1467828874.913852) can0 440#4212001101000000
(1467828875.012915) can0 442#4002000001000000
(1467828875.113821) can0 440#4212001101000000
(1467828875.139837) can0 620#1000FFFF80180080
(1467828875.213877) can0 442#4002000001000000
(1467828875.313788) can0 440#4212001101000000
(1467828875.345863) can0 610#2000006480FFFD60
(1467828875.414837) can0 442#4002000001000000
(1467828875.439761) can0 620#1000FFFF80180080
(1467828875.513764) can0 440#4212001101000000
(1467828875.612833) can0 442#4002000001000000
(1467828875.619730) can0 622#1200883800000000
(1467828875.713706) can0 440#4212001101000000
(1467828875.739730) can0 620#1000FFFF80180080
(1467828875.813890) can0 442#4002000001000000
(1467828875.843725) can0 621#1100000000000000
(1467828875.843959) can0 610#2000006480FFFD60
(1467828875.853711) can0 623#1900000000000000
(1467828875.855863) can0 611#2100002000006227
(1467828875.862687) can0 624#1A00414949400000
(1467828875.871711) can0 626#1C00300000000000
(1467828875.880711) can0 638#1300180100000000
(1467828875.889686) can0 63C#98005A5245172060
(1467828875.898742) can0 63D#9900444558534B00
(1467828875.907768) can0 680#D800010000000000
(1467828875.913766) can0 440#4212001101000000
(1467828876.014841) can0 442#4002000001000000
(1467828876.039682) can0 620#1000FFFF80180080
(1467828876.113645) can0 440#4212001101000000
(1467828876.212832) can0 442#4002000001000000
(1467828876.313669) can0 440#4212001101000000
(1467828876.339606) can0 620#1000FFFF80180080
(1467828876.344830) can0 610#2000006480FFFD60
(1467828876.413831) can0 442#4002000001000000
(1467828876.513590) can0 440#4212001101000000
(1467828876.614806) can0 442#4002000001000000
(1467828876.619556) can0 622#1200883800000000
(1467828876.639617) can0 620#1000FFFF80180080
(1467828876.713541) can0 440#4212001101000000
(1467828876.812805) can0 442#4002000001000000
(1467828876.843530) can0 621#1100000000000000
(1467828876.845827) can0 610#2000006480FFFD60
(1467828876.853582) can0 623#1900000000000000
(1467828876.857804) can0 611#2100002000006227
(1467828876.862530) can0 624#1A00414949400000
(1467828876.871555) can0 626#1C00300000000000
(1467828876.880530) can0 638#1300180100000000
(1467828876.889505) can0 63C#98005A5245172060
(1467828876.898510) can0 63D#9900444558534B00
(1467828876.907530) can0 680#D800010000000000
(1467828876.913505) can0 440#4212001101000000
(1467828876.939531) can0 620#1000FFFF80180080
(1467828877.013807) can0 442#4002000001000000
(1467828877.113493) can0 440#4212001101000000
(1467828877.214809) can0 442#4002000001000000
(1467828877.239455) can0 620#1000FFFF80180080
(1467828877.313446) can0 440#4212001101000000
(1467828877.343805) can0 610#2000006480FFFD60
(1467828877.412781) can0 442#4002000001000000
(1467828877.513407) can0 440#4212001101000000
(1467828877.539406) can0 620#1000FFFF80180080
(1467828877.613781) can0 442#4002000001000000
(1467828877.619405) can0 622#1200883800000000
(1467828877.713357) can0 440#4212001101000000
(1467828877.814781) can0 442#4002000001000000
(1467828877.839416) can0 620#1000FFFF80180080
(1467828877.844795) can0 610#2000006480FFFD60
(1467828877.848358) can0 621#1100000000000000
(1467828877.856786) can0 611#2100002000006227
(1467828877.857385) can0 623#1900000000000000
(1467828877.866362) can0 624#1A00414949400000
(1467828877.875362) can0 626#1C00300000000000
(1467828877.884365) can0 638#1300180100000000
(1467828877.893392) can0 63C#98005A5245172060
(1467828877.902407) can0 63D#9900444558534B00
(1467828877.911444) can0 680#D800010000000000
(1467828877.913388) can0 440#4212001101000000
(1467828878.012791) can0 442#4002000001000000
(1467828878.113328) can0 440#4212001101000000
(1467828878.139303) can0 620#1000FFFF80180080
(1467828878.213778) can0 442#4002000001000000
(1467828878.313253) can0 440#4212001101000000
(1467828878.345779) can0 610#2000006480FFFD60
(1467828878.414753) can0 442#4002000001000000
(1467828878.439252) can0 620#1000FFFF80180080
(1467828878.513242) can0 440#4212001101000000
(1467828878.612757) can0 442#4002000001000000
(1467828878.619290) can0 622#1200883800000000
(1467828878.713210) can0 440#4212001101000000
(1467828878.739206) can0 620#1000FFFF80180080
(1467828878.813756) can0 442#4002000001000000
(1467828878.843205) can0 621#1100000000000000
(1467828878.843776) can0 610#2000006480FFFD60
(1467828878.853178) can0 623#1900000000000000
(1467828878.855781) can0 611#2100002000006227
(1467828878.862180) can0 624#1A00414949400000
(1467828878.871185) can0 626#1C00300000000000
(1467828878.880180) can0 638#1300180100000000
(1467828878.889155) can0 63C#98005A5245172060
(1467828878.898160) can0 63D#9900444558534B00
(1467828878.907180) can0 680#D800010000000000
(1467828878.913155) can0 440#4212001101000000
(1467828879.014757) can0 442#4002000001000000
(1467828879.039155) can0 620#1000FFFF80180080
(1467828879.113140) can0 440#4212001101000000
(1467828879.212756) can0 442#4002000001000000
(1467828879.313106) can0 440#4212001101000000
(1467828879.339106) can0 620#1000FFFF80180080
(1467828879.344756) can0 610#2000006480FFFD60
(1467828879.413732) can0 442#4002000001000000
(1467828879.513055) can0 440#4212001101000000
(1467828879.614732) can0 442#4002000001000000
(1467828879.619054) can0 622#1200883800000000
(1467828879.639080) can0 620#1000FFFF80180080
(1467828879.713068) can0 440#4212001101000000
(1467828879.812744) can0 442#4012000001000000
(1467828879.843055) can0 621#1100000000000000
(1467828879.845754) can0 610#2000006480FFFD60
(1467828879.853055) can0 623#1900000000000000
(1467828879.857730) can0 611#2100002000006227
(1467828879.862055) can0 624#1A00414949400000
(1467828879.871055) can0 626#1C00300000000000
(1467828879.880053) can0 638#1300180100000000
(1467828879.889056) can0 63C#98005A5245172060
(1467828879.898041) can0 63D#9900444558534B00
(1467828879.907116) can0 680#D800010000000000
(1467828879.913114) can0 440#4232001101000000
