(1467828912.402424) can0 440#40008011010F0F0F
(1467828912.403932) can0 442#42008000010F0F0F
(1467828912.502447) can0 440#4001801101000000
(1467828912.502930) can0 442#4201800001000000
(1467828912.503493) can0 622#1280481000000000
(1467828912.595934) can0 442#4002000001000000
(1467828912.597391) can0 440#4212001101000000
(1467828912.694944) can0 442#4002000001000000
(1467828912.721933) can0 610#2000006480FFFD60
(1467828912.722408) can0 620#1000FFFF80180080
(1467828912.731383) can0 621#1100000000000000
(1467828912.733955) can0 611#2100002000006227
(1467828912.740383) can0 623#1900000000000000
(1467828912.749383) can0 624#1A00414949400000
(1467828912.758408) can0 626#1C00300000000000
(1467828912.767440) can0 638#1300180100000000
(1467828912.776417) can0 63C#98005A5245172060
(1467828912.785441) can0 63D#9900444558534B00
(1467828912.794401) can0 680#D800010000000000
(1467828912.797413) can0 440#4212001101000000
(1467828912.895947) can0 442#4002000001000000
(1467828912.997345) can0 440#4212001101000000
(1467828913.022347) can0 620#1000FFFF80180080
(1467828913.093935) can0 442#4002000001000000
(1467828913.193312) can0 440#4212001101000000
(1467828913.222933) can0 610#2000006480FFFD60
(1467828913.294935) can0 442#4002000001000000
(1467828913.322297) can0 620#1000FFFF80180080
(1467828913.397267) can0 440#4212001101000000
(1467828913.495914) can0 442#4002000001000000
(1467828913.502264) can0 622#1200481000000000
(1467828913.597249) can0 440#4212001101000000
(1467828913.622267) can0 620#1000FFFF80180080
(1467828913.693908) can0 442#4002000001000000
(1467828913.723908) can0 610#2000006480FFFD60
(1467828913.727208) can0 621#1100000000000000
(1467828913.735909) can0 611#2100002000006227
(1467828913.737205) can0 623#1900000000000000
(1467828913.746213) can0 624#1A00414949400000
(1467828913.755209) can0 626#1C00300000000000
(1467828913.764208) can0 638#1300180100000000
(1467828913.773268) can0 63C#98005A5245172060
(1467828913.782241) can0 63D#9900444558534B00
(1467828913.791225) can0 680#D800010000000000
(1467828913.793185) can0 440#4212001101000000
(1467828913.894909) can0 442#4002000001000000
(1467828913.922188) can0 620#1000FFFF80180080
(1467828913.997159) can0 440#4212001101000000
(1467828914.095913) can0 442#4002000001000000
(1467828914.197170) can0 440#4212001101000000
(1467828914.221909) can0 610#2000006480FFFD60
(1467828914.222156) can0 620#1000FFFF80180080
(1467828914.293911) can0 442#4002000001000000
(1467828914.393084) can0 440#4212001101000000
(1467828914.494902) can0 442#4002000001000000
(1467828914.502090) can0 622#1200481000000000
(1467828914.522091) can0 620#1000FFFF80180080
(1467828914.597065) can0 440#4212001101000000
(1467828914.695891) can0 442#4002000001000000
(1467828914.722894) can0 610#2000006480FFFD60
(1467828914.727064) can0 621#1100000000000000
(1467828914.734889) can0 611#2100002000006227
(1467828914.737087) can0 623#1900000000000000
(1467828914.746065) can0 624#1A00414949400000
(1467828914.755064) can0 626#1C00300000000000
(1467828914.764119) can0 638#1300180100000000
(1467828914.773120) can0 63C#98005A5245172060
(1467828914.782120) can0 63D#9900444558534B00
(1467828914.791118) can0 680#D800010000000000
(1467828914.797120) can0 440#4212001101000000
(1467828914.822051) can0 620#1000FFFF80180080
(1467828914.893894) can0 442#4002000001000000
(1467828914.992999) can0 440#4212001101000000
(1467828915.094901) can0 442#4002000001000000
(1467828915.121984) can0 620#1000FFFF80180080
(1467828915.196959) can0 440#4212001101000000
(1467828915.223884) can0 610#2000006480FFFD60
(1467828915.295885) can0 442#4002000001000000
(1467828915.396919) can0 440#4212001101000000
(1467828915.421934) can0 620#1000FFFF80180080
(1467828915.493870) can0 442#4002000001000000
(1467828915.501912) can0 622#1200481000000000
(1467828915.592887) can0 440#4212001101000000
(1467828915.694860) can0 442#4002000001000000
(1467828915.721859) can0 610#2000006480FFFD60
(1467828915.722115) can0 620#1000FFFF80180080
(1467828915.730905) can0 621#1100000000000000
(1467828915.733881) can0 611#2100002000006227
(1467828915.739882) can0 623#1900000000000000
(1467828915.748858) can0 624#1A00414949400000
(1467828915.757884) can0 626#1C00300000000000
(1467828915.766917) can0 638#1300180100000000
(1467828915.775916) can0 63C#98005A5245172060
(1467828915.784916) can0 63D#9900444558534B00
(1467828915.793941) can0 680#D800010000000000
(1467828915.796914) can0 440#4212001101000000
(1467828915.895878) can0 442#4002000001000000
(1467828915.996816) can0 440#4212001101000000
(1467828916.021830) can0 620#1000FFFF80180080
(1467828916.093913) can0 442#4002000001000000
(1467828916.196787) can0 440#4212001101000000
(1467828916.222859) can0 610#2000006480FFFD60
(1467828916.294860) can0 442#4002000001000000
(1467828916.321822) can0 620#1000FFFF80180080
(1467828916.396760) can0 440#4212001101000000
(1467828916.495841) can0 442#4002000001000000
(1467828916.501765) can0 622#1200481000000000
(1467828916.596724) can0 440#4212001101000000
(1467828916.621742) can0 620#1000FFFF80180080
(1467828916.693843) can0 442#4002000001000000
(1467828916.723840) can0 610#2000006480FFFD60
(1467828916.726715) can0 621#1100000000000000
(1467828916.735840) can0 611#2100002000006227
(1467828916.736713) can0 623#1900000000000000
(1467828916.745717) can0 624#1A00414949400000
(1467828916.754721) can0 626#1C00300000000000
(1467828916.763717) can0 638#1300180100000000
(1467828916.772747) can0 63C#98005A5245172060
(1467828916.781745) can0 63D#9900444558534B00
(1467828916.790731) can0 680#D800010000000000
(1467828916.796747) can0 440#4212001101000000
(1467828916.894846) can0 442#4002000001000000
(1467828916.921676) can0 620#1000FFFF80180080
(1467828916.996650) can0 440#4212001101000000
(1467828917.095897) can0 442#4002000001000000
(1467828917.196617) can0 440#4212001101000000
(1467828917.221633) can0 620#1000FFFF80180080
(1467828917.221855) can0 610#2000006480FFFD60
(1467828917.293836) can0 442#4002000001000000
(1467828917.396585) can0 440#4212001101000000
(1467828917.494808) can0 442#4002000001000000
(1467828917.501584) can0 622#1200481000000000
(1467828917.521584) can0 620#1000FFFF80180080
(1467828917.596534) can0 440#4212001101000000
(1467828917.695809) can0 442#4012000001000000
(1467828917.722809) can0 610#2000006480FFFD60
(1467828917.726594) can0 621#1100000000000000
(1467828917.734824) can0 611#2100002000006227
(1467828917.736531) can0 623#1900000000000000
(1467828917.745533) can0 624#1A00414949400000
(1467828917.754535) can0 626#1C00300000000000
(1467828917.763532) can0 638#1300180100000000
(1467828917.772568) can0 63C#98005A5245172060
(1467828917.781566) can0 63D#9900444558534B00
(1467828917.790529) can0 680#D800010000000000
(1467828917.796508) can0 440#4232001101000000
