(1467828622.143408) can0 440#40008011010F0F0F
(1467828622.152060) can0 442#42008000010F0F0F
(1467828622.243383) can0 440#4001801101000000
(1467828622.243592) can0 638#1380100100000000
(1467828622.251058) can0 442#4201800001000000
(1467828622.337400) can0 440#4212001101000000
(1467828622.338077) can0 442#4002000001000000
(1467828622.437318) can0 440#4212001101000000
(1467828622.463357) can0 620#1000FFFF80180080
(1467828622.470058) can0 610#2000006480FFFD60
(1467828622.472357) can0 621#1100000000000000
(1467828622.481359) can0 622#1200481000000000
(1467828622.482062) can0 611#2100002000006227
(1467828622.490316) can0 623#1900000000000000
(1467828622.499308) can0 624#1A00414949400000
(1467828622.508280) can0 626#1C00300000000000
(1467828622.517333) can0 63C#98005A5245172060
(1467828622.526334) can0 63D#9900444558534B00
(1467828622.535357) can0 680#D800010000000000
(1467828622.539056) can0 442#4002000001000000
(1467828622.637343) can0 440#4212001101000000
(1467828622.740056) can0 442#4002000001000000
(1467828622.763307) can0 620#1000FFFF80180080
(1467828622.843284) can0 440#4212001101000000
(1467828622.938057) can0 442#4002000001000000
(1467828622.971061) can0 610#2000006480FFFD60
(1467828623.037270) can0 440#4212001101000000
(1467828623.063241) can0 620#1000FFFF80180080
(1467828623.139034) can0 442#4002000001000000
(1467828623.237201) can0 440#4212001101000000
(1467828623.243208) can0 638#1300100100000000
(1467828623.340015) can0 442#4002000001000000
(1467828623.363240) can0 620#1000FFFF80180080
(1467828623.443224) can0 440#4212001101000000
(1467828623.467194) can0 621#1100000000000000
(1467828623.469070) can0 610#2000006480FFFD60
(1467828623.476219) can0 622#1200481000000000
(1467828623.480994) can0 611#2100002000006227
(1467828623.485192) can0 623#1900000000000000
(1467828623.494219) can0 624#1A00414949400000
(1467828623.503194) can0 626#1C00300000000000
(1467828623.512193) can0 63C#98005A5245172060
(1467828623.521168) can0 63D#9900444558534B00
(1467828623.530192) can0 680#D800010000000000
(1467828623.540992) can0 442#4002000001000000
(1467828623.643119) can0 440#4212001101000000
(1467828623.663156) can0 620#1000FFFF80180080
(1467828623.738982) can0 442#4002000001000000
(1467828623.837068) can0 440#4212001101000000
(1467828623.940017) can0 442#4002000001000000
(1467828623.963069) can0 620#1000FFFF80180080
(1467828623.970013) can0 610#2000006480FFFD60
(1467828624.043082) can0 440#4212001101000000
(1467828624.138018) can0 442#4002000001000000
(1467828624.237016) can0 440#4212001101000000
(1467828624.243022) can0 638#1300100100000000
(1467828624.263055) can0 620#1000FFFF80180080
(1467828624.339055) can0 442#4002000001000000
(1467828624.437057) can0 440#4212001101000000
(1467828624.467056) can0 621#1100000000000000
(1467828624.470959) can0 610#2000006480FFFD60
(1467828624.476057) can0 622#1200481000000000
(1467828624.482963) can0 611#2100002000006227
(1467828624.485053) can0 623#1900000000000000
(1467828624.494057) can0 624#1A00414949400000
(1467828624.503056) can0 626#1C00300000000000
(1467828624.512056) can0 63C#98005A5245172060
(1467828624.520995) can0 63D#9900444558534B00
(1467828624.530058) can0 680#D800010000000000
(1467828624.539910) can0 442#4002000001000000
(1467828624.563020) can0 620#1000FFFF80180080
(1467828624.643059) can0 440#4212001101000000
(1467828624.737918) can0 442#4002000001000000
(1467828624.836872) can0 440#4212001101000000
(1467828624.862956) can0 620#1000FFFF80180080
(1467828624.929961) can0 442#4002000001000000
(1467828624.968921) can0 610#2000006480FFFD60
(1467828625.031907) can0 440#4212001101000000
(1467828625.130922) can0 442#4002000001000000
(1467828625.162906) can0 620#1000FFFF80180080
(1467828625.231882) can0 440#4212001101000000
(1467828625.242886) can0 638#1300100100000000
(1467828625.328896) can0 442#4002000001000000
(1467828625.431832) can0 440#4212001101000000
(1467828625.462891) can0 620#1000FFFF80180080
(1467828625.469966) can0 610#2000006480FFFD60
(1467828625.471820) can0 621#1100000000000000
(1467828625.480885) can0 622#1200481000000000
(1467828625.481984) can0 611#2100002000006227
(1467828625.489813) can0 623#1900000000000000
(1467828625.498861) can0 624#1A00414949400000
(1467828625.507860) can0 626#1C00300000000000
(1467828625.516860) can0 63C#98005A5245172060
(1467828625.525842) can0 63D#9900444558534B00
(1467828625.529966) can0 442#4002000001000000
(1467828625.534893) can0 680#D800010000000000
(1467828625.631841) can0 440#4212001101000000
(1467828625.730969) can0 442#4002000001000000
(1467828625.762815) can0 620#1000FFFF80180080
(1467828625.831790) can0 440#4212001101000000
(1467828625.928950) can0 442#4002000001000000
(1467828625.970912) can0 610#2000006480FFFD60
(1467828626.031690) can0 440#4212001101000000
(1467828626.062684) can0 620#1000FFFF80180080
(1467828626.129897) can0 442#4002000001000000
(1467828626.231732) can0 440#4212001101000000
(1467828626.242713) can0 638#1300100100000000
(1467828626.330910) can0 442#4002000001000000
(1467828626.362682) can0 620#1000FFFF80180080
(1467828626.431622) can0 440#4212001101000000
(1467828626.466650) can0 621#1100000000000000
(1467828626.468930) can0 610#2000006480FFFD60
(1467828626.475682) can0 622#1200481000000000
(1467828626.480909) can0 611#2100002000006227
(1467828626.484684) can0 623#1900000000000000
(1467828626.493657) can0 624#1A00414949400000
(1467828626.502656) can0 626#1C00300000000000
(1467828626.511656) can0 63C#98005A5245172060
(1467828626.520621) can0 63D#9900444558534B00
(1467828626.528904) can0 442#4002000001000000
(1467828626.529678) can0 680#D800010000000000
(1467828626.631566) can0 440#4212001101000000
(1467828626.662636) can0 620#1000FFFF80180080
(1467828626.729909) can0 442#4002000001000000
(1467828626.831580) can0 440#4212001101000000
(1467828626.930955) can0 442#4002000001000000
(1467828626.962578) can0 620#1000FFFF80180080
(1467828626.969885) can0 610#2000006480FFFD60
(1467828627.031536) can0 440#4212001101000000
(1467828627.128904) can0 442#4002000001000000
(1467828627.231555) can0 440#4212001101000000
(1467828627.242555) can0 638#1300100100000000
(1467828627.262515) can0 620#1000FFFF80180080
(1467828627.329876) can0 442#4012000001000000
(1467828627.431524) can0 440#4232001101000000
